TN:
SF:src\hooks\useApi.ts
FN:17,(anonymous_7)
FN:18,(anonymous_8)
FN:19,(anonymous_9)
FN:20,(anonymous_10)
FN:24,(anonymous_11)
FN:28,(anonymous_12)
FN:29,(anonymous_13)
FN:30,(anonymous_14)
FN:34,(anonymous_15)
FN:35,(anonymous_16)
FN:42,(anonymous_17)
FN:47,(anonymous_18)
FN:50,(anonymous_19)
FN:56,(anonymous_20)
FN:59,(anonymous_21)
FN:65,(anonymous_22)
FN:68,(anonymous_23)
FN:74,(anonymous_24)
FN:77,(anonymous_25)
FN:83,(anonymous_26)
FN:87,(anonymous_27)
FN:89,(anonymous_28)
FN:93,(anonymous_29)
FN:99,(anonymous_30)
FN:103,(anonymous_31)
FN:105,(anonymous_32)
FN:110,(anonymous_33)
FN:116,(anonymous_34)
FN:120,(anonymous_35)
FN:121,(anonymous_36)
FN:125,(anonymous_37)
FN:132,(anonymous_38)
FN:136,(anonymous_39)
FN:148,(anonymous_40)
FN:152,(anonymous_41)
FN:158,(anonymous_42)
FN:161,(anonymous_43)
FN:167,(anonymous_44)
FN:170,(anonymous_45)
FN:175,(anonymous_46)
FN:178,(anonymous_47)
FN:183,(anonymous_48)
FN:186,(anonymous_49)
FN:193,(anonymous_50)
FN:196,(anonymous_51)
FN:201,(anonymous_52)
FN:204,(anonymous_53)
FN:210,(anonymous_54)
FN:214,(anonymous_55)
FN:221,(anonymous_56)
FN:225,(anonymous_57)
FN:231,(anonymous_58)
FN:233,(anonymous_59)
FN:233,(anonymous_60)
FN:244,(anonymous_61)
FN:247,(anonymous_62)
FN:253,(anonymous_63)
FN:257,(anonymous_64)
FN:258,(anonymous_65)
FN:262,(anonymous_66)
FN:269,(anonymous_67)
FN:271,(anonymous_68)
FN:273,(anonymous_69)
FN:276,(anonymous_70)
FN:282,(anonymous_71)
FN:284,(anonymous_72)
FN:286,(anonymous_73)
FN:289,(anonymous_74)
FN:296,(anonymous_75)
FN:300,(anonymous_76)
FN:302,(anonymous_77)
FN:307,(anonymous_78)
FN:313,(anonymous_79)
FN:317,(anonymous_80)
FN:322,(anonymous_81)
FN:327,(anonymous_82)
FN:333,(anonymous_83)
FN:337,(anonymous_84)
FN:337,(anonymous_85)
FN:341,(anonymous_86)
FN:347,(anonymous_87)
FN:350,(anonymous_88)
FN:357,(anonymous_89)
FN:360,(anonymous_90)
FN:365,(anonymous_91)
FN:368,(anonymous_92)
FN:373,(anonymous_93)
FN:377,(anonymous_94)
FN:379,(anonymous_95)
FN:383,(anonymous_96)
FN:390,(anonymous_97)
FN:392,(anonymous_98)
FN:393,(anonymous_99)
FN:396,(anonymous_100)
FN:402,(anonymous_101)
FN:405,(anonymous_102)
FN:413,(anonymous_103)
FN:416,(anonymous_104)
FN:417,(anonymous_105)
FN:421,(anonymous_106)
FN:429,(anonymous_107)
FN:433,(anonymous_108)
FN:433,(anonymous_109)
FN:434,(anonymous_110)
FN:434,(anonymous_111)
FN:435,(anonymous_112)
FN:436,(anonymous_113)
FN:450,(anonymous_114)
FN:451,(anonymous_115)
FN:461,(anonymous_116)
FNF:110
FNH:0
FNDA:0,(anonymous_7)
FNDA:0,(anonymous_8)
FNDA:0,(anonymous_9)
FNDA:0,(anonymous_10)
FNDA:0,(anonymous_11)
FNDA:0,(anonymous_12)
FNDA:0,(anonymous_13)
FNDA:0,(anonymous_14)
FNDA:0,(anonymous_15)
FNDA:0,(anonymous_16)
FNDA:0,(anonymous_17)
FNDA:0,(anonymous_18)
FNDA:0,(anonymous_19)
FNDA:0,(anonymous_20)
FNDA:0,(anonymous_21)
FNDA:0,(anonymous_22)
FNDA:0,(anonymous_23)
FNDA:0,(anonymous_24)
FNDA:0,(anonymous_25)
FNDA:0,(anonymous_26)
FNDA:0,(anonymous_27)
FNDA:0,(anonymous_28)
FNDA:0,(anonymous_29)
FNDA:0,(anonymous_30)
FNDA:0,(anonymous_31)
FNDA:0,(anonymous_32)
FNDA:0,(anonymous_33)
FNDA:0,(anonymous_34)
FNDA:0,(anonymous_35)
FNDA:0,(anonymous_36)
FNDA:0,(anonymous_37)
FNDA:0,(anonymous_38)
FNDA:0,(anonymous_39)
FNDA:0,(anonymous_40)
FNDA:0,(anonymous_41)
FNDA:0,(anonymous_42)
FNDA:0,(anonymous_43)
FNDA:0,(anonymous_44)
FNDA:0,(anonymous_45)
FNDA:0,(anonymous_46)
FNDA:0,(anonymous_47)
FNDA:0,(anonymous_48)
FNDA:0,(anonymous_49)
FNDA:0,(anonymous_50)
FNDA:0,(anonymous_51)
FNDA:0,(anonymous_52)
FNDA:0,(anonymous_53)
FNDA:0,(anonymous_54)
FNDA:0,(anonymous_55)
FNDA:0,(anonymous_56)
FNDA:0,(anonymous_57)
FNDA:0,(anonymous_58)
FNDA:0,(anonymous_59)
FNDA:0,(anonymous_60)
FNDA:0,(anonymous_61)
FNDA:0,(anonymous_62)
FNDA:0,(anonymous_63)
FNDA:0,(anonymous_64)
FNDA:0,(anonymous_65)
FNDA:0,(anonymous_66)
FNDA:0,(anonymous_67)
FNDA:0,(anonymous_68)
FNDA:0,(anonymous_69)
FNDA:0,(anonymous_70)
FNDA:0,(anonymous_71)
FNDA:0,(anonymous_72)
FNDA:0,(anonymous_73)
FNDA:0,(anonymous_74)
FNDA:0,(anonymous_75)
FNDA:0,(anonymous_76)
FNDA:0,(anonymous_77)
FNDA:0,(anonymous_78)
FNDA:0,(anonymous_79)
FNDA:0,(anonymous_80)
FNDA:0,(anonymous_81)
FNDA:0,(anonymous_82)
FNDA:0,(anonymous_83)
FNDA:0,(anonymous_84)
FNDA:0,(anonymous_85)
FNDA:0,(anonymous_86)
FNDA:0,(anonymous_87)
FNDA:0,(anonymous_88)
FNDA:0,(anonymous_89)
FNDA:0,(anonymous_90)
FNDA:0,(anonymous_91)
FNDA:0,(anonymous_92)
FNDA:0,(anonymous_93)
FNDA:0,(anonymous_94)
FNDA:0,(anonymous_95)
FNDA:0,(anonymous_96)
FNDA:0,(anonymous_97)
FNDA:0,(anonymous_98)
FNDA:0,(anonymous_99)
FNDA:0,(anonymous_100)
FNDA:0,(anonymous_101)
FNDA:0,(anonymous_102)
FNDA:0,(anonymous_103)
FNDA:0,(anonymous_104)
FNDA:0,(anonymous_105)
FNDA:0,(anonymous_106)
FNDA:0,(anonymous_107)
FNDA:0,(anonymous_108)
FNDA:0,(anonymous_109)
FNDA:0,(anonymous_110)
FNDA:0,(anonymous_111)
FNDA:0,(anonymous_112)
FNDA:0,(anonymous_113)
FNDA:0,(anonymous_114)
FNDA:0,(anonymous_115)
FNDA:0,(anonymous_116)
DA:1,0
DA:2,0
DA:3,0
DA:14,0
DA:17,0
DA:18,0
DA:19,0
DA:20,0
DA:24,0
DA:28,0
DA:29,0
DA:30,0
DA:34,0
DA:35,0
DA:42,0
DA:47,0
DA:48,0
DA:50,0
DA:56,0
DA:57,0
DA:59,0
DA:65,0
DA:66,0
DA:68,0
DA:74,0
DA:75,0
DA:77,0
DA:83,0
DA:84,0
DA:86,0
DA:88,0
DA:90,0
DA:91,0
DA:94,0
DA:99,0
DA:100,0
DA:102,0
DA:104,0
DA:106,0
DA:107,0
DA:108,0
DA:111,0
DA:116,0
DA:117,0
DA:119,0
DA:120,0
DA:122,0
DA:123,0
DA:126,0
DA:132,0
DA:133,0
DA:135,0
DA:147,0
DA:149,0
DA:150,0
DA:153,0
DA:158,0
DA:159,0
DA:161,0
DA:167,0
DA:168,0
DA:170,0
DA:175,0
DA:176,0
DA:178,0
DA:183,0
DA:184,0
DA:186,0
DA:193,0
DA:194,0
DA:196,0
DA:201,0
DA:202,0
DA:204,0
DA:210,0
DA:211,0
DA:213,0
DA:220,0
DA:222,0
DA:223,0
DA:226,0
DA:231,0
DA:232,0
DA:233,0
DA:234,0
DA:235,0
DA:236,0
DA:237,0
DA:238,0
DA:239,0
DA:240,0
DA:241,0
DA:242,0
DA:245,0
DA:248,0
DA:253,0
DA:254,0
DA:256,0
DA:257,0
DA:259,0
DA:260,0
DA:263,0
DA:269,0
DA:270,0
DA:272,0
DA:274,0
DA:277,0
DA:282,0
DA:283,0
DA:285,0
DA:287,0
DA:290,0
DA:296,0
DA:297,0
DA:299,0
DA:301,0
DA:303,0
DA:304,0
DA:305,0
DA:308,0
DA:313,0
DA:314,0
DA:316,0
DA:321,0
DA:323,0
DA:324,0
DA:325,0
DA:328,0
DA:333,0
DA:334,0
DA:336,0
DA:337,0
DA:338,0
DA:339,0
DA:342,0
DA:347,0
DA:348,0
DA:350,0
DA:357,0
DA:358,0
DA:360,0
DA:365,0
DA:366,0
DA:368,0
DA:373,0
DA:374,0
DA:376,0
DA:378,0
DA:380,0
DA:381,0
DA:384,0
DA:390,0
DA:391,0
DA:392,0
DA:394,0
DA:397,0
DA:402,0
DA:403,0
DA:405,0
DA:413,0
DA:414,0
DA:416,0
DA:417,0
DA:418,0
DA:421,0
DA:422,0
DA:426,0
DA:429,0
DA:430,0
DA:431,0
DA:433,0
DA:434,0
DA:435,0
DA:436,0
DA:438,0
DA:450,0
DA:451,0
DA:452,0
DA:453,0
DA:454,0
DA:456,0
DA:457,0
DA:461,0
DA:462,0
DA:463,0
DA:464,0
DA:465,0
DA:467,0
DA:471,0
DA:475,0
LF:190
LH:0
BRDA:47,0,0,0
BRDA:65,1,0,0
BRDA:158,2,0,0
BRDA:158,3,0,0
BRDA:175,4,0,0
BRDA:193,5,0,0
BRDA:193,6,0,0
BRDA:365,7,0,0
BRDA:365,8,0,0
BRDA:392,9,0,0
BRDA:429,10,0,0
BRDA:454,11,0,0
BRDA:454,11,1,0
BRDA:463,12,0,0
BRDA:463,12,1,0
BRF:15
BRH:0
end_of_record
TN:
SF:src\hooks\useTheme.ts
FN:5,useTheme
FN:6,(anonymous_1)
FN:14,(anonymous_2)
FN:20,(anonymous_3)
FN:21,(anonymous_4)
FNF:5
FNH:0
FNDA:0,useTheme
FNDA:0,(anonymous_1)
FNDA:0,(anonymous_2)
FNDA:0,(anonymous_3)
FNDA:0,(anonymous_4)
DA:1,0
DA:5,0
DA:6,0
DA:7,0
DA:8,0
DA:9,0
DA:11,0
DA:14,0
DA:15,0
DA:16,0
DA:17,0
DA:20,0
DA:21,0
DA:24,0
LF:14
LH:0
BRDA:8,0,0,0
BRDA:11,1,0,0
BRDA:11,1,1,0
BRDA:21,2,0,0
BRDA:21,2,1,0
BRF:5
BRH:0
end_of_record
TN:
SF:src\lib\utils.ts
FN:4,cn
FNF:1
FNH:0
FNDA:0,cn
DA:1,0
DA:2,0
DA:4,0
DA:5,0
LF:4
LH:0
BRF:0
BRH:0
end_of_record
TN:
SF:src\services\avm.ts
FN:3,(anonymous_7)
FN:69,(anonymous_8)
FN:78,(anonymous_9)
FN:91,(anonymous_10)
FN:98,(anonymous_11)
FN:109,(anonymous_12)
FN:121,(anonymous_13)
FN:143,(anonymous_14)
FN:164,(anonymous_15)
FN:184,(anonymous_16)
FN:199,(anonymous_17)
FN:225,(anonymous_19)
FN:256,(anonymous_21)
FN:259,(anonymous_22)
FN:334,(anonymous_24)
FN:362,(anonymous_26)
FN:393,(anonymous_27)
FNF:17
FNH:0
FNDA:0,(anonymous_7)
FNDA:0,(anonymous_8)
FNDA:0,(anonymous_9)
FNDA:0,(anonymous_10)
FNDA:0,(anonymous_11)
FNDA:0,(anonymous_12)
FNDA:0,(anonymous_13)
FNDA:0,(anonymous_14)
FNDA:0,(anonymous_15)
FNDA:0,(anonymous_16)
FNDA:0,(anonymous_17)
FNDA:0,(anonymous_19)
FNDA:0,(anonymous_21)
FNDA:0,(anonymous_22)
FNDA:0,(anonymous_24)
FNDA:0,(anonymous_26)
FNDA:0,(anonymous_27)
DA:4,0
DA:30,0
DA:53,0
DA:55,0
DA:71,0
DA:72,0
DA:73,0
DA:74,0
DA:75,0
DA:79,0
DA:90,0
DA:91,0
DA:92,0
DA:95,0
DA:99,0
DA:106,0
DA:110,0
DA:118,0
DA:122,0
DA:125,0
DA:128,0
DA:129,0
DA:130,0
DA:131,0
DA:134,0
DA:135,0
DA:136,0
DA:137,0
DA:140,0
DA:144,0
DA:147,0
DA:148,0
DA:149,0
DA:150,0
DA:151,0
DA:152,0
DA:155,0
DA:156,0
DA:157,0
DA:158,0
DA:161,0
DA:165,0
DA:167,0
DA:168,0
DA:169,0
DA:170,0
DA:171,0
DA:172,0
DA:175,0
DA:176,0
DA:177,0
DA:178,0
DA:181,0
DA:185,0
DA:188,0
DA:189,0
DA:190,0
DA:191,0
DA:192,0
DA:193,0
DA:196,0
DA:203,0
DA:204,0
DA:205,0
DA:207,0
DA:210,0
DA:212,0
DA:229,0
DA:230,0
DA:231,0
DA:233,0
DA:234,0
DA:235,0
DA:236,0
DA:237,0
DA:239,0
DA:256,0
DA:261,0
DA:262,0
DA:263,0
DA:264,0
DA:265,0
DA:268,0
DA:271,0
DA:278,0
DA:281,0
DA:282,0
DA:283,0
DA:284,0
DA:285,0
DA:288,0
DA:289,0
DA:292,0
DA:293,0
DA:294,0
DA:295,0
DA:296,0
DA:300,0
DA:306,0
DA:316,0
DA:335,0
DA:336,0
DA:337,0
DA:341,0
DA:359,0
DA:363,0
DA:383,0
DA:384,0
DA:385,0
DA:386,0
DA:390,0
DA:394,0
DA:396,0
DA:397,0
DA:398,0
DA:399,0
DA:400,0
DA:401,0
DA:402,0
DA:403,0
DA:404,0
DA:406,0
DA:410,0
DA:411,0
LF:124
LH:0
BRDA:71,0,0,0
BRDA:72,1,0,0
BRDA:73,2,0,0
BRDA:74,3,0,0
BRDA:92,4,0,0
BRDA:92,4,1,0
BRDA:106,5,0,0
BRDA:106,5,1,0
BRDA:118,6,0,0
BRDA:118,6,1,0
BRDA:125,7,0,0
BRDA:125,7,1,0
BRDA:128,8,0,0
BRDA:129,9,0,0
BRDA:130,10,0,0
BRDA:131,11,0,0
BRDA:134,12,0,0
BRDA:135,13,0,0
BRDA:135,13,1,0
BRDA:136,14,0,0
BRDA:136,14,1,0
BRDA:137,15,0,0
BRDA:147,16,0,0
BRDA:147,16,1,0
BRDA:148,17,0,0
BRDA:148,17,1,0
BRDA:149,18,0,0
BRDA:149,18,1,0
BRDA:150,19,0,0
BRDA:150,19,1,0
BRDA:151,20,0,0
BRDA:151,20,1,0
BRDA:155,21,0,0
BRDA:155,22,0,0
BRDA:155,22,1,0
BRDA:156,23,0,0
BRDA:156,23,1,0
BRDA:157,24,0,0
BRDA:157,24,1,0
BRDA:158,25,0,0
BRDA:167,26,0,0
BRDA:168,27,0,0
BRDA:169,28,0,0
BRDA:170,29,0,0
BRDA:171,30,0,0
BRDA:172,31,0,0
BRDA:175,32,0,0
BRDA:175,33,0,0
BRDA:175,33,1,0
BRDA:175,33,2,0
BRDA:177,34,0,0
BRDA:177,34,1,0
BRDA:178,35,0,0
BRDA:188,36,0,0
BRDA:189,37,0,0
BRDA:189,37,1,0
BRDA:190,38,0,0
BRDA:190,38,1,0
BRDA:191,39,0,0
BRDA:191,39,1,0
BRDA:192,40,0,0
BRDA:192,40,1,0
BRDA:204,41,0,0
BRDA:204,41,1,0
BRDA:205,42,0,0
BRDA:205,42,1,0
BRDA:207,43,0,0
BRDA:207,43,1,0
BRDA:219,44,0,0
BRDA:219,44,1,0
BRDA:219,45,0,0
BRDA:219,45,1,0
BRDA:230,46,0,0
BRDA:230,46,1,0
BRDA:265,47,0,0
BRDA:265,47,1,0
BRDA:282,48,0,0
BRDA:282,49,0,0
BRDA:282,49,1,0
BRDA:283,50,0,0
BRDA:283,51,0,0
BRDA:283,51,1,0
BRDA:284,52,0,0
BRDA:285,53,0,0
BRDA:293,54,0,0
BRDA:293,54,1,0
BRDA:295,55,0,0
BRDA:313,56,0,0
BRDA:313,56,1,0
BRDA:313,57,0,0
BRDA:313,57,1,0
BRDA:327,58,0,0
BRDA:327,58,1,0
BRDA:327,59,0,0
BRDA:327,59,1,0
BRDA:335,60,0,0
BRDA:347,61,0,0
BRDA:347,61,1,0
BRDA:349,62,0,0
BRDA:349,62,1,0
BRDA:349,63,0,0
BRDA:349,63,1,0
BRDA:350,64,0,0
BRDA:350,64,1,0
BRDA:350,65,0,0
BRDA:350,65,1,0
BRDA:352,66,0,0
BRDA:352,66,1,0
BRDA:352,67,0,0
BRDA:352,67,1,0
BRDA:352,68,0,0
BRDA:352,68,1,0
BRDA:353,69,0,0
BRDA:353,69,1,0
BRDA:353,70,0,0
BRDA:353,70,1,0
BRDA:353,71,0,0
BRDA:353,71,1,0
BRDA:354,72,0,0
BRDA:354,72,1,0
BRDA:354,73,0,0
BRDA:354,73,1,0
BRDA:354,74,0,0
BRDA:354,74,1,0
BRDA:355,75,0,0
BRDA:355,75,1,0
BRDA:355,76,0,0
BRDA:355,76,1,0
BRDA:355,77,0,0
BRDA:355,77,1,0
BRDA:356,78,0,0
BRDA:356,78,1,0
BRDA:356,79,0,0
BRDA:356,79,1,0
BRDA:356,80,0,0
BRDA:356,80,1,0
BRDA:385,81,0,0
BRDA:396,82,0,0
BRDA:396,83,0,0
BRDA:396,83,1,0
BRDA:397,84,0,0
BRDA:398,85,0,0
BRDA:398,86,0,0
BRDA:398,86,1,0
BRDA:399,87,0,0
BRDA:400,88,0,0
BRDA:401,89,0,0
BRDA:402,90,0,0
BRDA:403,91,0,0
BRDA:404,92,0,0
BRDA:404,93,0,0
BRDA:404,93,1,0
BRF:152
BRH:0
end_of_record
TN:
SF:src\services\scraper.ts
FN:42,(anonymous_7)
FN:94,(anonymous_8)
FN:95,(anonymous_9)
FN:98,(anonymous_10)
FN:120,(anonymous_11)
FN:129,(anonymous_12)
FN:135,(anonymous_13)
FN:162,(anonymous_15)
FN:198,(anonymous_17)
FN:236,(anonymous_18)
FN:236,(anonymous_19)
FN:278,(anonymous_20)
FN:293,(anonymous_21)
FN:293,(anonymous_22)
FN:334,(anonymous_23)
FN:352,(anonymous_25)
FNF:16
FNH:0
FNDA:0,(anonymous_7)
FNDA:0,(anonymous_8)
FNDA:0,(anonymous_9)
FNDA:0,(anonymous_10)
FNDA:0,(anonymous_11)
FNDA:0,(anonymous_12)
FNDA:0,(anonymous_13)
FNDA:0,(anonymous_15)
FNDA:0,(anonymous_17)
FNDA:0,(anonymous_18)
FNDA:0,(anonymous_19)
FNDA:0,(anonymous_20)
FNDA:0,(anonymous_21)
FNDA:0,(anonymous_22)
FNDA:0,(anonymous_23)
FNDA:0,(anonymous_25)
DA:1,0
DA:2,0
DA:43,0
DA:95,0
DA:99,0
DA:101,0
DA:102,0
DA:104,0
DA:105,0
DA:107,0
DA:109,0
DA:111,0
DA:114,0
DA:116,0
DA:121,0
DA:123,0
DA:124,0
DA:126,0
DA:130,0
DA:131,0
DA:132,0
DA:136,0
DA:138,0
DA:149,0
DA:150,0
DA:151,0
DA:157,0
DA:159,0
DA:163,0
DA:164,0
DA:165,0
DA:166,0
DA:169,0
DA:176,0
DA:178,0
DA:179,0
DA:180,0
DA:181,0
DA:182,0
DA:184,0
DA:185,0
DA:188,0
DA:190,0
DA:192,0
DA:196,0
DA:197,0
DA:198,0
DA:199,0
DA:200,0
DA:201,0
DA:207,0
DA:209,0
DA:229,0
DA:231,0
DA:232,0
DA:236,0
DA:243,0
DA:244,0
DA:245,0
DA:246,0
DA:250,0
DA:252,0
DA:254,0
DA:255,0
DA:256,0
DA:257,0
DA:259,0
DA:260,0
DA:261,0
DA:263,0
DA:264,0
DA:265,0
DA:268,0
DA:275,0
DA:276,0
DA:278,0
DA:279,0
DA:280,0
DA:281,0
DA:282,0
DA:286,0
DA:288,0
DA:289,0
DA:293,0
DA:300,0
DA:301,0
DA:303,0
DA:304,0
DA:305,0
DA:308,0
DA:311,0
DA:312,0
DA:314,0
DA:315,0
DA:316,0
DA:320,0
DA:324,0
DA:327,0
DA:331,0
DA:341,0
DA:349,0
DA:352,0
DA:353,0
DA:354,0
DA:355,0
DA:358,0
DA:359,0
DA:362,0
DA:367,0
DA:368,0
LF:110
LH:0
BRDA:99,0,0,0
BRDA:102,1,0,0
BRDA:107,2,0,0
BRDA:107,2,1,0
BRDA:107,2,2,0
BRDA:107,2,3,0
BRDA:107,2,4,0
BRDA:121,3,0,0
BRDA:124,4,0,0
BRDA:130,5,0,0
BRDA:132,6,0,0
BRDA:132,6,1,0
BRDA:149,7,0,0
BRDA:149,8,0,0
BRDA:149,8,1,0
BRDA:165,9,0,0
BRDA:188,10,0,0
BRDA:188,10,1,0
BRDA:190,11,0,0
BRDA:190,11,1,0
BRDA:192,12,0,0
BRDA:192,12,1,0
BRDA:197,13,0,0
BRDA:199,14,0,0
BRDA:199,14,1,0
BRDA:200,15,0,0
BRDA:201,16,0,0
BRDA:201,16,1,0
BRDA:207,17,0,0
BRDA:207,17,1,0
BRDA:213,18,0,0
BRDA:213,18,1,0
BRDA:219,19,0,0
BRDA:219,19,1,0
BRDA:236,20,0,0
BRDA:245,21,0,0
BRDA:252,22,0,0
BRDA:252,22,1,0
BRDA:252,22,2,0
BRDA:255,23,0,0
BRDA:256,24,0,0
BRDA:260,25,0,0
BRDA:264,26,0,0
BRDA:279,27,0,0
BRDA:279,27,1,0
BRDA:280,28,0,0
BRDA:281,29,0,0
BRDA:281,29,1,0
BRDA:293,30,0,0
BRDA:301,31,0,0
BRDA:301,31,1,0
BRDA:312,32,0,0
BRDA:315,33,0,0
BRDA:344,34,0,0
BRDA:344,34,1,0
BRDA:344,35,0,0
BRDA:344,35,1,0
BRDA:345,36,0,0
BRDA:345,36,1,0
BRDA:345,37,0,0
BRDA:345,37,1,0
BRDA:353,38,0,0
BRDA:353,39,0,0
BRDA:353,39,1,0
BRDA:355,40,0,0
BRDA:358,41,0,0
BRDA:358,42,0,0
BRDA:358,42,1,0
BRDA:359,43,0,0
BRF:69
BRH:0
end_of_record
TN:
SF:src\store\index.ts
FN:17,(anonymous_0)
FN:21,(anonymous_1)
FN:25,(anonymous_2)
FN:26,(anonymous_3)
FN:33,(anonymous_4)
FN:34,(anonymous_5)
FN:76,(anonymous_6)
FN:81,(anonymous_7)
FN:81,(anonymous_8)
FN:84,(anonymous_9)
FN:85,(anonymous_10)
FN:87,(anonymous_11)
FN:88,(anonymous_12)
FN:92,(anonymous_13)
FN:93,(anonymous_14)
FN:95,(anonymous_15)
FN:100,(anonymous_16)
FN:108,(anonymous_17)
FN:112,(anonymous_18)
FN:113,(anonymous_19)
FN:114,(anonymous_20)
FN:117,(anonymous_21)
FN:124,(anonymous_22)
FN:143,(anonymous_23)
FN:146,(anonymous_24)
FN:147,(anonymous_25)
FN:151,(anonymous_26)
FN:152,(anonymous_27)
FN:153,(anonymous_28)
FN:156,(anonymous_29)
FN:159,(anonymous_30)
FN:160,(anonymous_31)
FN:164,(anonymous_32)
FN:165,(anonymous_33)
FN:166,(anonymous_34)
FN:169,(anonymous_35)
FN:176,(anonymous_36)
FN:215,(anonymous_37)
FN:222,(anonymous_38)
FN:223,(anonymous_39)
FN:224,(anonymous_40)
FN:225,(anonymous_41)
FN:226,(anonymous_42)
FN:234,(anonymous_43)
FN:238,(anonymous_44)
FN:239,(anonymous_45)
FN:240,(anonymous_46)
FN:243,(anonymous_47)
FN:244,(anonymous_48)
FN:245,(anonymous_49)
FN:249,(anonymous_50)
FN:255,(anonymous_51)
FN:256,(anonymous_52)
FN:275,(anonymous_53)
FN:277,(anonymous_54)
FN:280,(anonymous_55)
FN:284,(anonymous_56)
FN:285,(anonymous_57)
FN:286,(anonymous_58)
FN:289,(anonymous_59)
FN:290,(anonymous_60)
FN:291,(anonymous_61)
FN:293,(anonymous_62)
FN:310,(anonymous_63)
FN:313,(anonymous_64)
FN:314,(anonymous_65)
FN:315,(anonymous_66)
FN:321,(anonymous_67)
FN:322,(anonymous_68)
FN:324,(anonymous_69)
FN:331,(anonymous_70)
FN:332,(anonymous_71)
FN:336,(anonymous_72)
FN:378,(anonymous_73)
FN:380,(anonymous_74)
FN:381,(anonymous_75)
FN:385,(anonymous_76)
FN:389,(anonymous_77)
FN:412,(anonymous_78)
FN:414,(anonymous_79)
FN:421,(anonymous_80)
FN:425,(anonymous_81)
FN:427,(anonymous_82)
FN:429,(anonymous_83)
FN:433,(anonymous_84)
FN:434,(anonymous_85)
FN:442,(anonymous_86)
FN:467,(anonymous_87)
FN:479,(anonymous_88)
FN:490,(anonymous_89)
FN:500,(anonymous_90)
FN:508,(anonymous_91)
FNF:92
FNH:0
FNDA:0,(anonymous_0)
FNDA:0,(anonymous_1)
FNDA:0,(anonymous_2)
FNDA:0,(anonymous_3)
FNDA:0,(anonymous_4)
FNDA:0,(anonymous_5)
FNDA:0,(anonymous_6)
FNDA:0,(anonymous_7)
FNDA:0,(anonymous_8)
FNDA:0,(anonymous_9)
FNDA:0,(anonymous_10)
FNDA:0,(anonymous_11)
FNDA:0,(anonymous_12)
FNDA:0,(anonymous_13)
FNDA:0,(anonymous_14)
FNDA:0,(anonymous_15)
FNDA:0,(anonymous_16)
FNDA:0,(anonymous_17)
FNDA:0,(anonymous_18)
FNDA:0,(anonymous_19)
FNDA:0,(anonymous_20)
FNDA:0,(anonymous_21)
FNDA:0,(anonymous_22)
FNDA:0,(anonymous_23)
FNDA:0,(anonymous_24)
FNDA:0,(anonymous_25)
FNDA:0,(anonymous_26)
FNDA:0,(anonymous_27)
FNDA:0,(anonymous_28)
FNDA:0,(anonymous_29)
FNDA:0,(anonymous_30)
FNDA:0,(anonymous_31)
FNDA:0,(anonymous_32)
FNDA:0,(anonymous_33)
FNDA:0,(anonymous_34)
FNDA:0,(anonymous_35)
FNDA:0,(anonymous_36)
FNDA:0,(anonymous_37)
FNDA:0,(anonymous_38)
FNDA:0,(anonymous_39)
FNDA:0,(anonymous_40)
FNDA:0,(anonymous_41)
FNDA:0,(anonymous_42)
FNDA:0,(anonymous_43)
FNDA:0,(anonymous_44)
FNDA:0,(anonymous_45)
FNDA:0,(anonymous_46)
FNDA:0,(anonymous_47)
FNDA:0,(anonymous_48)
FNDA:0,(anonymous_49)
FNDA:0,(anonymous_50)
FNDA:0,(anonymous_51)
FNDA:0,(anonymous_52)
FNDA:0,(anonymous_53)
FNDA:0,(anonymous_54)
FNDA:0,(anonymous_55)
FNDA:0,(anonymous_56)
FNDA:0,(anonymous_57)
FNDA:0,(anonymous_58)
FNDA:0,(anonymous_59)
FNDA:0,(anonymous_60)
FNDA:0,(anonymous_61)
FNDA:0,(anonymous_62)
FNDA:0,(anonymous_63)
FNDA:0,(anonymous_64)
FNDA:0,(anonymous_65)
FNDA:0,(anonymous_66)
FNDA:0,(anonymous_67)
FNDA:0,(anonymous_68)
FNDA:0,(anonymous_69)
FNDA:0,(anonymous_70)
FNDA:0,(anonymous_71)
FNDA:0,(anonymous_72)
FNDA:0,(anonymous_73)
FNDA:0,(anonymous_74)
FNDA:0,(anonymous_75)
FNDA:0,(anonymous_76)
FNDA:0,(anonymous_77)
FNDA:0,(anonymous_78)
FNDA:0,(anonymous_79)
FNDA:0,(anonymous_80)
FNDA:0,(anonymous_81)
FNDA:0,(anonymous_82)
FNDA:0,(anonymous_83)
FNDA:0,(anonymous_84)
FNDA:0,(anonymous_85)
FNDA:0,(anonymous_86)
FNDA:0,(anonymous_87)
FNDA:0,(anonymous_88)
FNDA:0,(anonymous_89)
FNDA:0,(anonymous_90)
FNDA:0,(anonymous_91)
DA:1,0
DA:2,0
DA:15,0
DA:17,0
DA:21,0
DA:25,0
DA:26,0
DA:33,0
DA:34,0
DA:57,0
DA:74,0
DA:76,0
DA:81,0
DA:84,0
DA:86,0
DA:87,0
DA:88,0
DA:89,0
DA:93,0
DA:94,0
DA:95,0
DA:97,0
DA:101,0
DA:102,0
DA:108,0
DA:113,0
DA:114,0
DA:117,0
DA:124,0
DA:141,0
DA:143,0
DA:147,0
DA:152,0
DA:153,0
DA:157,0
DA:160,0
DA:165,0
DA:166,0
DA:169,0
DA:176,0
DA:213,0
DA:215,0
DA:222,0
DA:223,0
DA:224,0
DA:225,0
DA:227,0
DA:228,0
DA:234,0
DA:239,0
DA:240,0
DA:243,0
DA:245,0
DA:250,0
DA:255,0
DA:256,0
DA:275,0
DA:278,0
DA:279,0
DA:280,0
DA:282,0
DA:285,0
DA:286,0
DA:289,0
DA:291,0
DA:294,0
DA:308,0
DA:310,0
DA:314,0
DA:315,0
DA:316,0
DA:322,0
DA:323,0
DA:324,0
DA:326,0
DA:331,0
DA:332,0
DA:336,0
DA:361,0
DA:376,0
DA:378,0
DA:381,0
DA:385,0
DA:389,0
DA:410,0
DA:412,0
DA:415,0
DA:416,0
DA:421,0
DA:426,0
DA:427,0
DA:429,0
DA:433,0
DA:434,0
DA:442,0
DA:443,0
DA:444,0
DA:445,0
DA:446,0
DA:447,0
DA:448,0
DA:449,0
DA:450,0
DA:452,0
DA:465,0
DA:468,0
DA:469,0
DA:470,0
DA:480,0
DA:481,0
DA:482,0
DA:491,0
DA:492,0
DA:501,0
DA:502,0
DA:503,0
DA:504,0
DA:509,0
DA:510,0
DA:511,0
DA:512,0
DA:513,0
DA:514,0
DA:515,0
DA:516,0
DA:520,0
LF:126
LH:0
BRDA:86,0,0,0
BRDA:250,1,0,0
BRDA:250,1,1,0
BRDA:279,2,0,0
BRDA:280,3,0,0
BRDA:427,4,0,0
BRDA:427,4,1,0
BRDA:469,5,0,0
BRF:8
BRH:0
end_of_record
